<?xml version="1.0" encoding="UTF-8"?>
<testsuite name="lab4.ExceptionTest" tests="73" skipped="0" failures="0" errors="0" timestamp="2022-12-12T16:37:19" hostname="DESKTOP" time="0.179">
  <properties/>
  <testcase name="testBuildingConstructorException[0](address)" classname="lab4.ExceptionTest" time="0.004"/>
  <testcase name="testBuildingConstructorException[1](T%^&amp;)" classname="lab4.ExceptionTest" time="0.001"/>
  <testcase name="testBuildingConstructorException[2](1address)" classname="lab4.ExceptionTest" time="0.0"/>
  <testcase name="testBuildingConstructorException[3]()" classname="lab4.ExceptionTest" time="0.0"/>
  <testcase name="testBuildingConstructorException[4](123456)" classname="lab4.ExceptionTest" time="0.001"/>
  <testcase name="testBuildingSetAddressException[0](address)" classname="lab4.ExceptionTest" time="0.001"/>
  <testcase name="testBuildingSetAddressException[1](T%^&amp;)" classname="lab4.ExceptionTest" time="0.0"/>
  <testcase name="testBuildingSetAddressException[2](1address)" classname="lab4.ExceptionTest" time="0.0"/>
  <testcase name="testBuildingSetAddressException[3]()" classname="lab4.ExceptionTest" time="0.0"/>
  <testcase name="testBuildingSetAddressException[4](123456)" classname="lab4.ExceptionTest" time="0.0"/>
  <testcase name="testClientBuilderOrderIdException[0](-5)" classname="lab4.ExceptionTest" time="0.0"/>
  <testcase name="testClientBuilderOrderIdException[1](-100)" classname="lab4.ExceptionTest" time="0.002"/>
  <testcase name="testClientBuilderOrderIdException[2](-415154)" classname="lab4.ExceptionTest" time="0.001"/>
  <testcase name="testClientBuilderPhoneNumberException[0](abcdefg)" classname="lab4.ExceptionTest" time="0.0"/>
  <testcase name="testClientBuilderPhoneNumberException[1](000000000)" classname="lab4.ExceptionTest" time="0.0"/>
  <testcase name="testClientBuilderPhoneNumberException[2](+150ad117D7)" classname="lab4.ExceptionTest" time="0.002"/>
  <testcase name="testClientBuilderPhoneNumberException[3](+123456)" classname="lab4.ExceptionTest" time="0.0"/>
  <testcase name="testClientBuilderPhoneNumberException[4](+1234567890101112)" classname="lab4.ExceptionTest" time="0.0"/>
  <testcase name="testClientSetPhoneNumberException[0](abcdefg)" classname="lab4.ExceptionTest" time="0.002"/>
  <testcase name="testClientSetPhoneNumberException[1](000000000)" classname="lab4.ExceptionTest" time="0.003"/>
  <testcase name="testClientSetPhoneNumberException[2](+150ad117D7)" classname="lab4.ExceptionTest" time="0.0"/>
  <testcase name="testClientSetPhoneNumberException[3](+123456)" classname="lab4.ExceptionTest" time="0.0"/>
  <testcase name="testClientSetPhoneNumberException[4](+1234567890101112)" classname="lab4.ExceptionTest" time="0.0"/>
  <testcase name="testHumanBuilderBirthdayException[0](java.util.GregorianCalendar[time=?,areFieldsSet=false,areAllFieldsSet=true,lenient=true,zone=sun.util.calendar.ZoneInfo[id=&quot;Europe/Helsinki&quot;,offset=7200000,dstSavings=3600000,useDaylight=true,transitions=118,lastRule=java.util.SimpleTimeZone[id=Europe/Helsinki,offset=7200000,dstSavings=3600000,useDaylight=true,startYear=0,startMode=2,startMonth=2,startDay=-1,startDayOfWeek=1,startTime=3600000,startTimeMode=2,endMode=2,endMonth=9,endDay=-1,endDayOfWeek=1,endTime=3600000,endTimeMode=2]],firstDayOfWeek=1,minimalDaysInFirstWeek=1,ERA=1,YEAR=1234,MONTH=11,WEEK_OF_YEAR=51,WEEK_OF_MONTH=3,DAY_OF_MONTH=24,DAY_OF_YEAR=346,DAY_OF_WEEK=2,DAY_OF_WEEK_IN_MONTH=2,AM_PM=1,HOUR=6,HOUR_OF_DAY=18,MINUTE=37,SECOND=19,MILLISECOND=333,ZONE_OFFSET=7200000,DST_OFFSET=0])" classname="lab4.ExceptionTest" time="0.009"/>
  <testcase name="testHumanBuilderBirthdayException[1](java.util.GregorianCalendar[time=?,areFieldsSet=false,areAllFieldsSet=true,lenient=true,zone=sun.util.calendar.ZoneInfo[id=&quot;Europe/Helsinki&quot;,offset=7200000,dstSavings=3600000,useDaylight=true,transitions=118,lastRule=java.util.SimpleTimeZone[id=Europe/Helsinki,offset=7200000,dstSavings=3600000,useDaylight=true,startYear=0,startMode=2,startMonth=2,startDay=-1,startDayOfWeek=1,startTime=3600000,startTimeMode=2,endMode=2,endMonth=9,endDay=-1,endDayOfWeek=1,endTime=3600000,endTimeMode=2]],firstDayOfWeek=1,minimalDaysInFirstWeek=1,ERA=1,YEAR=2022,MONTH=11,WEEK_OF_YEAR=51,WEEK_OF_MONTH=3,DAY_OF_MONTH=24,DAY_OF_YEAR=346,DAY_OF_WEEK=2,DAY_OF_WEEK_IN_MONTH=2,AM_PM=1,HOUR=6,HOUR_OF_DAY=18,MINUTE=37,SECOND=19,MILLISECOND=333,ZONE_OFFSET=7200000,DST_OFFSET=0])" classname="lab4.ExceptionTest" time="0.0"/>
  <testcase name="testHumanBuilderBirthdayException[2](java.util.GregorianCalendar[time=?,areFieldsSet=false,areAllFieldsSet=true,lenient=true,zone=sun.util.calendar.ZoneInfo[id=&quot;Europe/Helsinki&quot;,offset=7200000,dstSavings=3600000,useDaylight=true,transitions=118,lastRule=java.util.SimpleTimeZone[id=Europe/Helsinki,offset=7200000,dstSavings=3600000,useDaylight=true,startYear=0,startMode=2,startMonth=2,startDay=-1,startDayOfWeek=1,startTime=3600000,startTimeMode=2,endMode=2,endMonth=9,endDay=-1,endDayOfWeek=1,endTime=3600000,endTimeMode=2]],firstDayOfWeek=1,minimalDaysInFirstWeek=1,ERA=1,YEAR=9876,MONTH=11,WEEK_OF_YEAR=51,WEEK_OF_MONTH=3,DAY_OF_MONTH=24,DAY_OF_YEAR=346,DAY_OF_WEEK=2,DAY_OF_WEEK_IN_MONTH=2,AM_PM=1,HOUR=6,HOUR_OF_DAY=18,MINUTE=37,SECOND=19,MILLISECOND=333,ZONE_OFFSET=7200000,DST_OFFSET=0])" classname="lab4.ExceptionTest" time="0.005"/>
  <testcase name="testHumanBuilderIdExceptions[0](-5)" classname="lab4.ExceptionTest" time="0.001"/>
  <testcase name="testHumanBuilderIdExceptions[1](-100)" classname="lab4.ExceptionTest" time="0.0"/>
  <testcase name="testHumanBuilderIdExceptions[2](-415154)" classname="lab4.ExceptionTest" time="0.0"/>
  <testcase name="testHumanBuilderNameExceptions[0]()" classname="lab4.ExceptionTest" time="0.001"/>
  <testcase name="testHumanBuilderNameExceptions[1](name)" classname="lab4.ExceptionTest" time="0.003"/>
  <testcase name="testHumanBuilderNameExceptions[2](1Surname)" classname="lab4.ExceptionTest" time="0.001"/>
  <testcase name="testHumanBuilderNameExceptions[3](Na6*&amp;@#$%)" classname="lab4.ExceptionTest" time="0.001"/>
  <testcase name="testHumanBuilderSurnameExceptions[0]()" classname="lab4.ExceptionTest" time="0.001"/>
  <testcase name="testHumanBuilderSurnameExceptions[1](name)" classname="lab4.ExceptionTest" time="0.001"/>
  <testcase name="testHumanBuilderSurnameExceptions[2](1Surname)" classname="lab4.ExceptionTest" time="0.0"/>
  <testcase name="testHumanBuilderSurnameExceptions[3](Na6*&amp;@#$%)" classname="lab4.ExceptionTest" time="0.0"/>
  <testcase name="testHumanSetNameExceptions[0]()" classname="lab4.ExceptionTest" time="0.0"/>
  <testcase name="testHumanSetNameExceptions[1](name)" classname="lab4.ExceptionTest" time="0.001"/>
  <testcase name="testHumanSetNameExceptions[2](1Surname)" classname="lab4.ExceptionTest" time="0.001"/>
  <testcase name="testHumanSetNameExceptions[3](Na6*&amp;@#$%)" classname="lab4.ExceptionTest" time="0.0"/>
  <testcase name="testHumanSetSurnameExceptions[0]()" classname="lab4.ExceptionTest" time="0.0"/>
  <testcase name="testHumanSetSurnameExceptions[1](name)" classname="lab4.ExceptionTest" time="0.0"/>
  <testcase name="testHumanSetSurnameExceptions[2](1Surname)" classname="lab4.ExceptionTest" time="0.0"/>
  <testcase name="testHumanSetSurnameExceptions[3](Na6*&amp;@#$%)" classname="lab4.ExceptionTest" time="0.001"/>
  <testcase name="testOfficeBuildingBuilderNumberException[0](-5)" classname="lab4.ExceptionTest" time="0.0"/>
  <testcase name="testOfficeBuildingBuilderNumberException[1](-100)" classname="lab4.ExceptionTest" time="0.0"/>
  <testcase name="testOfficeBuildingBuilderNumberException[2](-415154)" classname="lab4.ExceptionTest" time="0.0"/>
  <testcase name="testOfficeBuildingSetNumberException[0](-5)" classname="lab4.ExceptionTest" time="0.0"/>
  <testcase name="testOfficeBuildingSetNumberException[1](-100)" classname="lab4.ExceptionTest" time="0.001"/>
  <testcase name="testOfficeBuildingSetNumberException[2](-415154)" classname="lab4.ExceptionTest" time="0.0"/>
  <testcase name="testWorkerBuilderOfficeNumberException[0](-5)" classname="lab4.ExceptionTest" time="0.0"/>
  <testcase name="testWorkerBuilderOfficeNumberException[1](-100)" classname="lab4.ExceptionTest" time="0.0"/>
  <testcase name="testWorkerBuilderOfficeNumberException[2](-415154)" classname="lab4.ExceptionTest" time="0.0"/>
  <testcase name="testWorkerBuilderPhoneNumberException[0](abcdefg)" classname="lab4.ExceptionTest" time="0.001"/>
  <testcase name="testWorkerBuilderPhoneNumberException[1](000000000)" classname="lab4.ExceptionTest" time="0.001"/>
  <testcase name="testWorkerBuilderPhoneNumberException[2](+150ad117D7)" classname="lab4.ExceptionTest" time="0.001"/>
  <testcase name="testWorkerBuilderPhoneNumberException[3](+123456)" classname="lab4.ExceptionTest" time="0.002"/>
  <testcase name="testWorkerBuilderPhoneNumberException[4](+1234567890101112)" classname="lab4.ExceptionTest" time="0.001"/>
  <testcase name="testWorkerBuilderSalaryException[0](-5)" classname="lab4.ExceptionTest" time="0.001"/>
  <testcase name="testWorkerBuilderSalaryException[1](-100)" classname="lab4.ExceptionTest" time="0.001"/>
  <testcase name="testWorkerBuilderSalaryException[2](-415154)" classname="lab4.ExceptionTest" time="0.0"/>
  <testcase name="testWorkerSetOfficeNumberException[0](-5)" classname="lab4.ExceptionTest" time="0.001"/>
  <testcase name="testWorkerSetOfficeNumberException[1](-100)" classname="lab4.ExceptionTest" time="0.001"/>
  <testcase name="testWorkerSetOfficeNumberException[2](-415154)" classname="lab4.ExceptionTest" time="0.0"/>
  <testcase name="testWorkerSetPhoneNumberException[0](abcdefg)" classname="lab4.ExceptionTest" time="0.001"/>
  <testcase name="testWorkerSetPhoneNumberException[1](000000000)" classname="lab4.ExceptionTest" time="0.001"/>
  <testcase name="testWorkerSetPhoneNumberException[2](+150ad117D7)" classname="lab4.ExceptionTest" time="0.001"/>
  <testcase name="testWorkerSetPhoneNumberException[3](+123456)" classname="lab4.ExceptionTest" time="0.001"/>
  <testcase name="testWorkerSetPhoneNumberException[4](+1234567890101112)" classname="lab4.ExceptionTest" time="0.001"/>
  <testcase name="testWorkerSetSalaryException[0](-5)" classname="lab4.ExceptionTest" time="0.001"/>
  <testcase name="testWorkerSetSalaryException[1](-100)" classname="lab4.ExceptionTest" time="0.0"/>
  <testcase name="testWorkerSetSalaryException[2](-415154)" classname="lab4.ExceptionTest" time="0.001"/>
  <system-out><![CDATA[]]></system-out>
  <system-err><![CDATA[]]></system-err>
</testsuite>
