<?xml version="1.0" encoding="UTF-8"?>
<testsuite name="lab0.Var6Test" tests="31" skipped="0" failures="0" errors="0" timestamp="2022-09-15T17:56:33" hostname="DESKTOP" time="0.062">
  <properties/>
  <testcase name="arrayProviderTest[0](4, 1, 2, [I@3fed2870)" classname="lab0.Var6Test" time="0.006"/>
  <testcase name="booleanProviderTest[0](1, 2, 3, true)" classname="lab0.Var6Test" time="0.0"/>
  <testcase name="booleanProviderTest[1](3, 10, 30, true)" classname="lab0.Var6Test" time="0.0"/>
  <testcase name="booleanProviderTest[2](100, 11111, 1, false)" classname="lab0.Var6Test" time="0.0"/>
  <testcase name="caseProviderTest[0](1, 2, 0.2)" classname="lab0.Var6Test" time="0.001"/>
  <testcase name="caseProviderTest[1](3, 10, 10)" classname="lab0.Var6Test" time="0.0"/>
  <testcase name="caseProviderTest[2](2, 2000, 2000000)" classname="lab0.Var6Test" time="0.0"/>
  <testcase name="forProviderTest[0](2, [D@50d13246)" classname="lab0.Var6Test" time="0.001"/>
  <testcase name="ifProviderTest[0](1, 2, 2)" classname="lab0.Var6Test" time="0.001"/>
  <testcase name="ifProviderTest[1](3, 10, 10)" classname="lab0.Var6Test" time="0.0"/>
  <testcase name="ifProviderTest[2](100, 1, 100)" classname="lab0.Var6Test" time="0.001"/>
  <testcase name="integerProviderTest[0](58, 85)" classname="lab0.Var6Test" time="0.0"/>
  <testcase name="integerProviderTest[1](10, 1)" classname="lab0.Var6Test" time="0.001"/>
  <testcase name="integerProviderTest[2](99, 99)" classname="lab0.Var6Test" time="0.0"/>
  <testcase name="matrixProviderTest[0](3, 3, 2, [I@466276d8, [[I@5ce8d869)" classname="lab0.Var6Test" time="0.015"/>
  <testcase name="negativeArrayTest[0](0, 1, -10)" classname="lab0.Var6Test" time="0.001"/>
  <testcase name="negativeArrayTest[1](5, 2, 0)" classname="lab0.Var6Test" time="0.0"/>
  <testcase name="negativeBooleanTest[0](0, 0, 0)" classname="lab0.Var6Test" time="0.0"/>
  <testcase name="negativeCaseTest[0](9, -9)" classname="lab0.Var6Test" time="0.0"/>
  <testcase name="negativeCaseTest[1](0, 5)" classname="lab0.Var6Test" time="0.0"/>
  <testcase name="negativeForTest[0](-1)" classname="lab0.Var6Test" time="0.0"/>
  <testcase name="negativeForTest[1](0)" classname="lab0.Var6Test" time="0.001"/>
  <testcase name="negativeIfTest[0](0, 0)" classname="lab0.Var6Test" time="0.0"/>
  <testcase name="negativeIntegerTest[0](9)" classname="lab0.Var6Test" time="0.0"/>
  <testcase name="negativeIntegerTest[1](100)" classname="lab0.Var6Test" time="0.0"/>
  <testcase name="negativeIntegerTest[2](-2)" classname="lab0.Var6Test" time="0.0"/>
  <testcase name="negativeWhileTest[0](-1)" classname="lab0.Var6Test" time="0.001"/>
  <testcase name="negativeWhileTest[1](0)" classname="lab0.Var6Test" time="0.0"/>
  <testcase name="whileProviderTest[0](4, 8)" classname="lab0.Var6Test" time="0.0"/>
  <testcase name="whileProviderTest[1](9, 945)" classname="lab0.Var6Test" time="0.0"/>
  <testcase name="whileProviderTest[2](7, 105)" classname="lab0.Var6Test" time="0.0"/>
  <system-out><![CDATA[]]></system-out>
  <system-err><![CDATA[]]></system-err>
</testsuite>
